<?xml version="1.0" encoding="UTF-8"?>
<testng-results ignored="0" total="1" passed="1" failed="0" skipped="0">
  <reporter-output>
  </reporter-output>
  <suite started-at="2022-03-02T15:29:37 BDT" name="Default suite" finished-at="2022-03-02T15:29:59 BDT" duration-ms="21831">
    <groups>
    </groups>
    <test started-at="2022-03-02T15:29:37 BDT" name="Default test" finished-at="2022-03-02T15:29:59 BDT" duration-ms="21831">
      <class name="testCases.Ecommerce">
        <test-method signature="mySecondTest()[pri:0, instance:testCases.Ecommerce@4fb0f2b9]" started-at="2022-03-02T15:29:37 BDT" name="mySecondTest" finished-at="2022-03-02T15:29:59 BDT" duration-ms="21759" status="PASS">
          <reporter-output>
          </reporter-output>
        </test-method> <!-- mySecondTest -->
      </class> <!-- testCases.Ecommerce -->
    </test> <!-- Default test -->
  </suite> <!-- Default suite -->
</testng-results>
