<?xml version="1.0" encoding="UTF-8"?>
<testng-results skipped="0" failed="0" ignored="0" total="1" passed="1">
  <reporter-output>
  </reporter-output>
  <suite name="Default suite" duration-ms="56046" started-at="2022-03-03T16:00:30 BDT" finished-at="2022-03-03T16:01:26 BDT">
    <groups>
    </groups>
    <test name="Default test" duration-ms="56046" started-at="2022-03-03T16:00:30 BDT" finished-at="2022-03-03T16:01:26 BDT">
      <class name="testCases.Ecommerce">
        <test-method status="PASS" signature="mySecondTest()[pri:0, instance:testCases.Ecommerce@2eda0940]" name="mySecondTest" duration-ms="56008" started-at="2022-03-03T16:00:30 BDT" finished-at="2022-03-03T16:01:26 BDT">
          <reporter-output>
          </reporter-output>
        </test-method> <!-- mySecondTest -->
      </class> <!-- testCases.Ecommerce -->
    </test> <!-- Default test -->
  </suite> <!-- Default suite -->
</testng-results>
